<?xml version="1.0" encoding="UTF-8"?>
<!-- Generated by org.testng.reporters.JUnitXMLReporter -->
<testsuite hostname="DESKTOP-5IAAIQO" ignored="2" name="testdemo" tests="2" failures="0" timestamp="2022-04-27T08:29:57 EDT" time="3.036" errors="0">
  <testcase name="@BeforeClass baseClassInit" time="1.834" classname="basetest.BaseTest">
    <failure type="org.openqa.selenium.SessionNotCreatedException" message="session not created: This version of ChromeDriver only supports Chrome version 94
Current browser version is 100.0.4896.127 with binary path C:\Program Files (x86)\Google\Chrome\Application\chrome.exe
Build info: version: &amp;apos;3.141.59&amp;apos;, revision: &amp;apos;e82be7d358&amp;apos;, time: &amp;apos;2018-11-14T08:17:03&amp;apos;
System info: host: &amp;apos;DESKTOP-5IAAIQO&amp;apos;, ip: &amp;apos;100.127.255.253&amp;apos;, os.name: &amp;apos;Windows 10&amp;apos;, os.arch: &amp;apos;amd64&amp;apos;, os.version: &amp;apos;10.0&amp;apos;, java.version: &amp;apos;1.8.0_221&amp;apos;
Driver info: driver.version: ChromeDriver
remote stacktrace: Backtrace:
	Ordinal0 [0x00F4BDE3+2473443]
	Ordinal0 [0x00EE6661+2057825]
	Ordinal0 [0x00DF2438+1057848]
	Ordinal0 [0x00E1054A+1181002]
	Ordinal0 [0x00E0C435+1164341]
	Ordinal0 [0x00E09CAF+1154223]
	Ordinal0 [0x00E39ADF+1350367]
	Ordinal0 [0x00E3974A+1349450]
	Ordinal0 [0x00E355AB+1332651]
	Ordinal0 [0x00E12104+1188100]
	Ordinal0 [0x00E12F59+1191769]
	GetHandleVerifier [0x010D2266+1549718]
	GetHandleVerifier [0x0117D4A7+2250711]
	GetHandleVerifier [0x00FD718B+521403]
	GetHandleVerifier [0x00FD6229+517465]
	Ordinal0 [0x00EEB79D+2078621]
	Ordinal0 [0x00EEFB58+2095960]
	Ordinal0 [0x00EEFC92+2096274]
	Ordinal0 [0x00EF9541+2135361]
	BaseThreadInitThunk [0x75A4FA29+25]
	RtlGetAppContainerNamedObjectPath [0x776C7A7E+286]
	RtlGetAppContainerNamedObjectPath [0x776C7A4E+238]
">
      <![CDATA[org.openqa.selenium.SessionNotCreatedException: session not created: This version of ChromeDriver only supports Chrome version 94
Current browser version is 100.0.4896.127 with binary path C:\Program Files (x86)\Google\Chrome\Application\chrome.exe
Build info: version: '3.141.59', revision: 'e82be7d358', time: '2018-11-14T08:17:03'
System info: host: 'DESKTOP-5IAAIQO', ip: '100.127.255.253', os.name: 'Windows 10', os.arch: 'amd64', os.version: '10.0', java.version: '1.8.0_221'
Driver info: driver.version: ChromeDriver
remote stacktrace: Backtrace:
Ordinal0 [0x00F4BDE3+2473443]
Ordinal0 [0x00EE6661+2057825]
Ordinal0 [0x00DF2438+1057848]
Ordinal0 [0x00E1054A+1181002]
Ordinal0 [0x00E0C435+1164341]
Ordinal0 [0x00E09CAF+1154223]
Ordinal0 [0x00E39ADF+1350367]
Ordinal0 [0x00E3974A+1349450]
Ordinal0 [0x00E355AB+1332651]
Ordinal0 [0x00E12104+1188100]
Ordinal0 [0x00E12F59+1191769]
GetHandleVerifier [0x010D2266+1549718]
GetHandleVerifier [0x0117D4A7+2250711]
GetHandleVerifier [0x00FD718B+521403]
GetHandleVerifier [0x00FD6229+517465]
Ordinal0 [0x00EEB79D+2078621]
Ordinal0 [0x00EEFB58+2095960]
Ordinal0 [0x00EEFC92+2096274]
Ordinal0 [0x00EF9541+2135361]
BaseThreadInitThunk [0x75A4FA29+25]
RtlGetAppContainerNamedObjectPath [0x776C7A7E+286]
RtlGetAppContainerNamedObjectPath [0x776C7A4E+238]

at org.openqa.selenium.remote.W3CHandshakeResponse.lambda$errorHandler$0(W3CHandshakeResponse.java:62)
at org.openqa.selenium.remote.HandshakeResponse.lambda$getResponseFunction$0(HandshakeResponse.java:30)
at org.openqa.selenium.remote.ProtocolHandshake.lambda$createSession$0(ProtocolHandshake.java:126)
at java.util.stream.ReferencePipeline$3$1.accept(ReferencePipeline.java:193)
at java.util.Spliterators$ArraySpliterator.tryAdvance(Spliterators.java:958)
at java.util.stream.ReferencePipeline.forEachWithCancel(ReferencePipeline.java:126)
at java.util.stream.AbstractPipeline.copyIntoWithCancel(AbstractPipeline.java:499)
at java.util.stream.AbstractPipeline.copyInto(AbstractPipeline.java:486)
at java.util.stream.AbstractPipeline.wrapAndCopyInto(AbstractPipeline.java:472)
at java.util.stream.FindOps$FindOp.evaluateSequential(FindOps.java:152)
at java.util.stream.AbstractPipeline.evaluate(AbstractPipeline.java:234)
at java.util.stream.ReferencePipeline.findFirst(ReferencePipeline.java:464)
at org.openqa.selenium.remote.ProtocolHandshake.createSession(ProtocolHandshake.java:128)
at org.openqa.selenium.remote.ProtocolHandshake.createSession(ProtocolHandshake.java:74)
at org.openqa.selenium.remote.HttpCommandExecutor.execute(HttpCommandExecutor.java:136)
at org.openqa.selenium.remote.service.DriverCommandExecutor.execute(DriverCommandExecutor.java:83)
at org.openqa.selenium.remote.RemoteWebDriver.execute(RemoteWebDriver.java:552)
at org.openqa.selenium.remote.RemoteWebDriver.startSession(RemoteWebDriver.java:213)
at org.openqa.selenium.remote.RemoteWebDriver.<init>(RemoteWebDriver.java:131)
at org.openqa.selenium.chrome.ChromeDriver.<init>(ChromeDriver.java:181)
at org.openqa.selenium.chrome.ChromeDriver.<init>(ChromeDriver.java:168)
at org.openqa.selenium.chrome.ChromeDriver.<init>(ChromeDriver.java:157)
at selenium.SeleniumDriverFactory.chromeDriver(SeleniumDriverFactory.java:21)
at basetest.BaseTest.baseClassInit(BaseTest.java:82)
at java.util.concurrent.ThreadPoolExecutor.runWorker(ThreadPoolExecutor.java:1149)
at java.util.concurrent.ThreadPoolExecutor$Worker.run(ThreadPoolExecutor.java:624)
at java.lang.Thread.run(Thread.java:748)
... Removed 14 stack frames]]>
    </failure>
  </testcase> <!-- @BeforeClass baseClassInit -->
  <testcase name="@BeforeMethod baseTestInit" time="-1.651062596365E9" classname="basetest.BaseTest">
    <skipped/>
  </testcase> <!-- @BeforeMethod baseTestInit -->
  <testcase name="@BeforeMethod englishClassInit" time="-1.651062596366E9" classname="testclasses.EnglishTest">
    <skipped/>
  </testcase> <!-- @BeforeMethod englishClassInit -->
  <testcase name="@AfterMethod AfterMethod" time="-1.651062596373E9" classname="basetest.BaseTest">
    <skipped/>
  </testcase> <!-- @AfterMethod AfterMethod -->
  <testcase name="@AfterClass afterClass" time="-1.651062596374E9" classname="basetest.BaseTest">
    <skipped/>
  </testcase> <!-- @AfterClass afterClass -->
  <testcase name="@BeforeClass baseClassInit" time="1.158" classname="basetest.BaseTest">
    <failure type="org.openqa.selenium.SessionNotCreatedException" message="session not created: This version of ChromeDriver only supports Chrome version 94
Current browser version is 100.0.4896.127 with binary path C:\Program Files (x86)\Google\Chrome\Application\chrome.exe
Build info: version: &amp;apos;3.141.59&amp;apos;, revision: &amp;apos;e82be7d358&amp;apos;, time: &amp;apos;2018-11-14T08:17:03&amp;apos;
System info: host: &amp;apos;DESKTOP-5IAAIQO&amp;apos;, ip: &amp;apos;100.127.255.253&amp;apos;, os.name: &amp;apos;Windows 10&amp;apos;, os.arch: &amp;apos;amd64&amp;apos;, os.version: &amp;apos;10.0&amp;apos;, java.version: &amp;apos;1.8.0_221&amp;apos;
Driver info: driver.version: ChromeDriver
remote stacktrace: Backtrace:
	Ordinal0 [0x00F4BDE3+2473443]
	Ordinal0 [0x00EE6661+2057825]
	Ordinal0 [0x00DF2438+1057848]
	Ordinal0 [0x00E1054A+1181002]
	Ordinal0 [0x00E0C435+1164341]
	Ordinal0 [0x00E09CAF+1154223]
	Ordinal0 [0x00E39ADF+1350367]
	Ordinal0 [0x00E3974A+1349450]
	Ordinal0 [0x00E355AB+1332651]
	Ordinal0 [0x00E12104+1188100]
	Ordinal0 [0x00E12F59+1191769]
	GetHandleVerifier [0x010D2266+1549718]
	GetHandleVerifier [0x0117D4A7+2250711]
	GetHandleVerifier [0x00FD718B+521403]
	GetHandleVerifier [0x00FD6229+517465]
	Ordinal0 [0x00EEB79D+2078621]
	Ordinal0 [0x00EEFB58+2095960]
	Ordinal0 [0x00EEFC92+2096274]
	Ordinal0 [0x00EF9541+2135361]
	BaseThreadInitThunk [0x75A4FA29+25]
	RtlGetAppContainerNamedObjectPath [0x776C7A7E+286]
	RtlGetAppContainerNamedObjectPath [0x776C7A4E+238]
">
      <![CDATA[org.openqa.selenium.SessionNotCreatedException: session not created: This version of ChromeDriver only supports Chrome version 94
Current browser version is 100.0.4896.127 with binary path C:\Program Files (x86)\Google\Chrome\Application\chrome.exe
Build info: version: '3.141.59', revision: 'e82be7d358', time: '2018-11-14T08:17:03'
System info: host: 'DESKTOP-5IAAIQO', ip: '100.127.255.253', os.name: 'Windows 10', os.arch: 'amd64', os.version: '10.0', java.version: '1.8.0_221'
Driver info: driver.version: ChromeDriver
remote stacktrace: Backtrace:
Ordinal0 [0x00F4BDE3+2473443]
Ordinal0 [0x00EE6661+2057825]
Ordinal0 [0x00DF2438+1057848]
Ordinal0 [0x00E1054A+1181002]
Ordinal0 [0x00E0C435+1164341]
Ordinal0 [0x00E09CAF+1154223]
Ordinal0 [0x00E39ADF+1350367]
Ordinal0 [0x00E3974A+1349450]
Ordinal0 [0x00E355AB+1332651]
Ordinal0 [0x00E12104+1188100]
Ordinal0 [0x00E12F59+1191769]
GetHandleVerifier [0x010D2266+1549718]
GetHandleVerifier [0x0117D4A7+2250711]
GetHandleVerifier [0x00FD718B+521403]
GetHandleVerifier [0x00FD6229+517465]
Ordinal0 [0x00EEB79D+2078621]
Ordinal0 [0x00EEFB58+2095960]
Ordinal0 [0x00EEFC92+2096274]
Ordinal0 [0x00EF9541+2135361]
BaseThreadInitThunk [0x75A4FA29+25]
RtlGetAppContainerNamedObjectPath [0x776C7A7E+286]
RtlGetAppContainerNamedObjectPath [0x776C7A4E+238]

at org.openqa.selenium.remote.W3CHandshakeResponse.lambda$errorHandler$0(W3CHandshakeResponse.java:62)
at org.openqa.selenium.remote.HandshakeResponse.lambda$getResponseFunction$0(HandshakeResponse.java:30)
at org.openqa.selenium.remote.ProtocolHandshake.lambda$createSession$0(ProtocolHandshake.java:126)
at java.util.stream.ReferencePipeline$3$1.accept(ReferencePipeline.java:193)
at java.util.Spliterators$ArraySpliterator.tryAdvance(Spliterators.java:958)
at java.util.stream.ReferencePipeline.forEachWithCancel(ReferencePipeline.java:126)
at java.util.stream.AbstractPipeline.copyIntoWithCancel(AbstractPipeline.java:499)
at java.util.stream.AbstractPipeline.copyInto(AbstractPipeline.java:486)
at java.util.stream.AbstractPipeline.wrapAndCopyInto(AbstractPipeline.java:472)
at java.util.stream.FindOps$FindOp.evaluateSequential(FindOps.java:152)
at java.util.stream.AbstractPipeline.evaluate(AbstractPipeline.java:234)
at java.util.stream.ReferencePipeline.findFirst(ReferencePipeline.java:464)
at org.openqa.selenium.remote.ProtocolHandshake.createSession(ProtocolHandshake.java:128)
at org.openqa.selenium.remote.ProtocolHandshake.createSession(ProtocolHandshake.java:74)
at org.openqa.selenium.remote.HttpCommandExecutor.execute(HttpCommandExecutor.java:136)
at org.openqa.selenium.remote.service.DriverCommandExecutor.execute(DriverCommandExecutor.java:83)
at org.openqa.selenium.remote.RemoteWebDriver.execute(RemoteWebDriver.java:552)
at org.openqa.selenium.remote.RemoteWebDriver.startSession(RemoteWebDriver.java:213)
at org.openqa.selenium.remote.RemoteWebDriver.<init>(RemoteWebDriver.java:131)
at org.openqa.selenium.chrome.ChromeDriver.<init>(ChromeDriver.java:181)
at org.openqa.selenium.chrome.ChromeDriver.<init>(ChromeDriver.java:168)
at org.openqa.selenium.chrome.ChromeDriver.<init>(ChromeDriver.java:157)
at selenium.SeleniumDriverFactory.chromeDriver(SeleniumDriverFactory.java:21)
at basetest.BaseTest.baseClassInit(BaseTest.java:82)
at java.util.concurrent.ThreadPoolExecutor.runWorker(ThreadPoolExecutor.java:1149)
at java.util.concurrent.ThreadPoolExecutor$Worker.run(ThreadPoolExecutor.java:624)
at java.lang.Thread.run(Thread.java:748)
... Removed 14 stack frames]]>
    </failure>
  </testcase> <!-- @BeforeClass baseClassInit -->
  <testcase name="@BeforeMethod baseTestInit" time="-1.651062597536E9" classname="basetest.BaseTest">
    <skipped/>
  </testcase> <!-- @BeforeMethod baseTestInit -->
  <testcase name="@BeforeMethod frenchClassInit" time="-1.651062597537E9" classname="testclasses.FrenchTest">
    <skipped/>
  </testcase> <!-- @BeforeMethod frenchClassInit -->
  <testcase name="@AfterMethod AfterMethod" time="-1.65106259754E9" classname="basetest.BaseTest">
    <skipped/>
  </testcase> <!-- @AfterMethod AfterMethod -->
  <testcase name="@AfterClass afterClass" time="-1.651062597541E9" classname="basetest.BaseTest">
    <skipped/>
  </testcase> <!-- @AfterClass afterClass -->
  <testcase name="Test_English_Page" time="0.0" classname="testclasses.EnglishTest">
    <skipped/>
  </testcase> <!-- Test_English_Page -->
  <testcase name="Test_French_Page" time="0.0" classname="testclasses.FrenchTest">
    <skipped/>
  </testcase> <!-- Test_French_Page -->
  <testcase name="@BeforeSuite baseSuiteInit" time="0.0" classname="basetest.BaseTest">
    <ignored/>
  </testcase> <!-- @BeforeSuite baseSuiteInit -->
  <testcase name="@AfterSuite afterSuite" time="0.0" classname="basetest.BaseTest">
    <ignored/>
  </testcase> <!-- @AfterSuite afterSuite -->
</testsuite> <!-- testdemo -->
