<?xml version="1.0" encoding="UTF-8"?>
<testng-results skipped="2" failed="0" ignored="2" total="4" passed="0">
  <reporter-output>
  </reporter-output>
  <suite name="Project ESAS" duration-ms="3036" started-at="2022-04-27T08:29:54 EDT" finished-at="2022-04-27T08:29:57 EDT">
    <groups>
    </groups>
    <test name="testdemo" duration-ms="3036" started-at="2022-04-27T08:29:54 EDT" finished-at="2022-04-27T08:29:57 EDT">
      <class name="testclasses.EnglishTest">
        <test-method status="PASS" signature="baseSuiteInit()[pri:0, instance:testclasses.EnglishTest@1f57539]" name="baseSuiteInit" is-config="true" duration-ms="185" started-at="2022-04-27T08:29:54 EDT" finished-at="2022-04-27T08:29:54 EDT">
          <reporter-output>
          </reporter-output>
        </test-method> <!-- baseSuiteInit -->
        <test-method status="FAIL" signature="baseClassInit(org.testng.ITestContext)[pri:0, instance:testclasses.EnglishTest@1f57539]" name="baseClassInit" is-config="true" duration-ms="1834" started-at="2022-04-27T08:29:54 EDT" finished-at="2022-04-27T08:29:56 EDT">
          <params>
            <param index="0">
              <value>
                <![CDATA[org.testng.TestRunner@1f5af9e0]]>
              </value>
            </param>
          </params>
          <exception class="org.openqa.selenium.SessionNotCreatedException">
            <message>
              <![CDATA[session not created: This version of ChromeDriver only supports Chrome version 94
Current browser version is 100.0.4896.127 with binary path C:\Program Files (x86)\Google\Chrome\Application\chrome.exe
Build info: version: '3.141.59', revision: 'e82be7d358', time: '2018-11-14T08:17:03'
System info: host: 'DESKTOP-5IAAIQO', ip: '100.127.255.253', os.name: 'Windows 10', os.arch: 'amd64', os.version: '10.0', java.version: '1.8.0_221'
Driver info: driver.version: ChromeDriver
remote stacktrace: Backtrace:
Ordinal0 [0x00F4BDE3+2473443]
Ordinal0 [0x00EE6661+2057825]
Ordinal0 [0x00DF2438+1057848]
Ordinal0 [0x00E1054A+1181002]
Ordinal0 [0x00E0C435+1164341]
Ordinal0 [0x00E09CAF+1154223]
Ordinal0 [0x00E39ADF+1350367]
Ordinal0 [0x00E3974A+1349450]
Ordinal0 [0x00E355AB+1332651]
Ordinal0 [0x00E12104+1188100]
Ordinal0 [0x00E12F59+1191769]
GetHandleVerifier [0x010D2266+1549718]
GetHandleVerifier [0x0117D4A7+2250711]
GetHandleVerifier [0x00FD718B+521403]
GetHandleVerifier [0x00FD6229+517465]
Ordinal0 [0x00EEB79D+2078621]
Ordinal0 [0x00EEFB58+2095960]
Ordinal0 [0x00EEFC92+2096274]
Ordinal0 [0x00EF9541+2135361]
BaseThreadInitThunk [0x75A4FA29+25]
RtlGetAppContainerNamedObjectPath [0x776C7A7E+286]
RtlGetAppContainerNamedObjectPath [0x776C7A4E+238]
]]>
            </message>
            <full-stacktrace>
              <![CDATA[org.openqa.selenium.SessionNotCreatedException: session not created: This version of ChromeDriver only supports Chrome version 94
Current browser version is 100.0.4896.127 with binary path C:\Program Files (x86)\Google\Chrome\Application\chrome.exe
Build info: version: '3.141.59', revision: 'e82be7d358', time: '2018-11-14T08:17:03'
System info: host: 'DESKTOP-5IAAIQO', ip: '100.127.255.253', os.name: 'Windows 10', os.arch: 'amd64', os.version: '10.0', java.version: '1.8.0_221'
Driver info: driver.version: ChromeDriver
remote stacktrace: Backtrace:
Ordinal0 [0x00F4BDE3+2473443]
Ordinal0 [0x00EE6661+2057825]
Ordinal0 [0x00DF2438+1057848]
Ordinal0 [0x00E1054A+1181002]
Ordinal0 [0x00E0C435+1164341]
Ordinal0 [0x00E09CAF+1154223]
Ordinal0 [0x00E39ADF+1350367]
Ordinal0 [0x00E3974A+1349450]
Ordinal0 [0x00E355AB+1332651]
Ordinal0 [0x00E12104+1188100]
Ordinal0 [0x00E12F59+1191769]
GetHandleVerifier [0x010D2266+1549718]
GetHandleVerifier [0x0117D4A7+2250711]
GetHandleVerifier [0x00FD718B+521403]
GetHandleVerifier [0x00FD6229+517465]
Ordinal0 [0x00EEB79D+2078621]
Ordinal0 [0x00EEFB58+2095960]
Ordinal0 [0x00EEFC92+2096274]
Ordinal0 [0x00EF9541+2135361]
BaseThreadInitThunk [0x75A4FA29+25]
RtlGetAppContainerNamedObjectPath [0x776C7A7E+286]
RtlGetAppContainerNamedObjectPath [0x776C7A4E+238]

at sun.reflect.NativeConstructorAccessorImpl.newInstance0(Native Method)
at sun.reflect.NativeConstructorAccessorImpl.newInstance(NativeConstructorAccessorImpl.java:62)
at sun.reflect.DelegatingConstructorAccessorImpl.newInstance(DelegatingConstructorAccessorImpl.java:45)
at java.lang.reflect.Constructor.newInstance(Constructor.java:423)
at org.openqa.selenium.remote.W3CHandshakeResponse.lambda$errorHandler$0(W3CHandshakeResponse.java:62)
at org.openqa.selenium.remote.HandshakeResponse.lambda$getResponseFunction$0(HandshakeResponse.java:30)
at org.openqa.selenium.remote.ProtocolHandshake.lambda$createSession$0(ProtocolHandshake.java:126)
at java.util.stream.ReferencePipeline$3$1.accept(ReferencePipeline.java:193)
at java.util.Spliterators$ArraySpliterator.tryAdvance(Spliterators.java:958)
at java.util.stream.ReferencePipeline.forEachWithCancel(ReferencePipeline.java:126)
at java.util.stream.AbstractPipeline.copyIntoWithCancel(AbstractPipeline.java:499)
at java.util.stream.AbstractPipeline.copyInto(AbstractPipeline.java:486)
at java.util.stream.AbstractPipeline.wrapAndCopyInto(AbstractPipeline.java:472)
at java.util.stream.FindOps$FindOp.evaluateSequential(FindOps.java:152)
at java.util.stream.AbstractPipeline.evaluate(AbstractPipeline.java:234)
at java.util.stream.ReferencePipeline.findFirst(ReferencePipeline.java:464)
at org.openqa.selenium.remote.ProtocolHandshake.createSession(ProtocolHandshake.java:128)
at org.openqa.selenium.remote.ProtocolHandshake.createSession(ProtocolHandshake.java:74)
at org.openqa.selenium.remote.HttpCommandExecutor.execute(HttpCommandExecutor.java:136)
at org.openqa.selenium.remote.service.DriverCommandExecutor.execute(DriverCommandExecutor.java:83)
at org.openqa.selenium.remote.RemoteWebDriver.execute(RemoteWebDriver.java:552)
at org.openqa.selenium.remote.RemoteWebDriver.startSession(RemoteWebDriver.java:213)
at org.openqa.selenium.remote.RemoteWebDriver.<init>(RemoteWebDriver.java:131)
at org.openqa.selenium.chrome.ChromeDriver.<init>(ChromeDriver.java:181)
at org.openqa.selenium.chrome.ChromeDriver.<init>(ChromeDriver.java:168)
at org.openqa.selenium.chrome.ChromeDriver.<init>(ChromeDriver.java:157)
at selenium.SeleniumDriverFactory.chromeDriver(SeleniumDriverFactory.java:21)
at basetest.BaseTest.baseClassInit(BaseTest.java:82)
at sun.reflect.NativeMethodAccessorImpl.invoke0(Native Method)
at sun.reflect.NativeMethodAccessorImpl.invoke(NativeMethodAccessorImpl.java:62)
at sun.reflect.DelegatingMethodAccessorImpl.invoke(DelegatingMethodAccessorImpl.java:43)
at java.lang.reflect.Method.invoke(Method.java:498)
at org.testng.internal.MethodInvocationHelper.invokeMethod(MethodInvocationHelper.java:132)
at org.testng.internal.MethodInvocationHelper.invokeMethodConsideringTimeout(MethodInvocationHelper.java:61)
at org.testng.internal.ConfigInvoker.invokeConfigurationMethod(ConfigInvoker.java:366)
at org.testng.internal.ConfigInvoker.invokeConfigurations(ConfigInvoker.java:320)
at org.testng.internal.TestMethodWorker.invokeBeforeClassMethods(TestMethodWorker.java:176)
at org.testng.internal.TestMethodWorker.run(TestMethodWorker.java:122)
at java.util.concurrent.ThreadPoolExecutor.runWorker(ThreadPoolExecutor.java:1149)
at java.util.concurrent.ThreadPoolExecutor$Worker.run(ThreadPoolExecutor.java:624)
at java.lang.Thread.run(Thread.java:748)
]]>
            </full-stacktrace>
          </exception> <!-- org.openqa.selenium.SessionNotCreatedException -->
          <reporter-output>
          </reporter-output>
        </test-method> <!-- baseClassInit -->
        <test-method status="SKIP" signature="baseTestInit(org.testng.ITestResult)[pri:0, instance:testclasses.EnglishTest@1f57539]" name="baseTestInit" is-config="true" duration-ms="-1651062596365" started-at="2022-04-27T08:29:56 EDT" finished-at="1969-12-31T19:00:00 EST">
          <reporter-output>
          </reporter-output>
        </test-method> <!-- baseTestInit -->
        <test-method status="SKIP" signature="englishClassInit(org.testng.ITestResult, java.lang.String)[pri:0, instance:testclasses.EnglishTest@1f57539]" name="englishClassInit" is-config="true" duration-ms="-1651062596366" started-at="2022-04-27T08:29:56 EDT" depends-on-methods="basetest.BaseTest.baseTestInit" finished-at="1969-12-31T19:00:00 EST">
          <reporter-output>
          </reporter-output>
        </test-method> <!-- englishClassInit -->
        <test-method status="SKIP" signature="Test_English_Page()[pri:0, instance:testclasses.EnglishTest@1f57539]" name="Test_English_Page" duration-ms="0" started-at="2022-04-27T08:29:56 EDT" finished-at="2022-04-27T08:29:56 EDT">
          <exception class="org.openqa.selenium.SessionNotCreatedException">
            <message>
              <![CDATA[session not created: This version of ChromeDriver only supports Chrome version 94
Current browser version is 100.0.4896.127 with binary path C:\Program Files (x86)\Google\Chrome\Application\chrome.exe
Build info: version: '3.141.59', revision: 'e82be7d358', time: '2018-11-14T08:17:03'
System info: host: 'DESKTOP-5IAAIQO', ip: '100.127.255.253', os.name: 'Windows 10', os.arch: 'amd64', os.version: '10.0', java.version: '1.8.0_221'
Driver info: driver.version: ChromeDriver
remote stacktrace: Backtrace:
Ordinal0 [0x00F4BDE3+2473443]
Ordinal0 [0x00EE6661+2057825]
Ordinal0 [0x00DF2438+1057848]
Ordinal0 [0x00E1054A+1181002]
Ordinal0 [0x00E0C435+1164341]
Ordinal0 [0x00E09CAF+1154223]
Ordinal0 [0x00E39ADF+1350367]
Ordinal0 [0x00E3974A+1349450]
Ordinal0 [0x00E355AB+1332651]
Ordinal0 [0x00E12104+1188100]
Ordinal0 [0x00E12F59+1191769]
GetHandleVerifier [0x010D2266+1549718]
GetHandleVerifier [0x0117D4A7+2250711]
GetHandleVerifier [0x00FD718B+521403]
GetHandleVerifier [0x00FD6229+517465]
Ordinal0 [0x00EEB79D+2078621]
Ordinal0 [0x00EEFB58+2095960]
Ordinal0 [0x00EEFC92+2096274]
Ordinal0 [0x00EF9541+2135361]
BaseThreadInitThunk [0x75A4FA29+25]
RtlGetAppContainerNamedObjectPath [0x776C7A7E+286]
RtlGetAppContainerNamedObjectPath [0x776C7A4E+238]
]]>
            </message>
            <full-stacktrace>
              <![CDATA[org.openqa.selenium.SessionNotCreatedException: session not created: This version of ChromeDriver only supports Chrome version 94
Current browser version is 100.0.4896.127 with binary path C:\Program Files (x86)\Google\Chrome\Application\chrome.exe
Build info: version: '3.141.59', revision: 'e82be7d358', time: '2018-11-14T08:17:03'
System info: host: 'DESKTOP-5IAAIQO', ip: '100.127.255.253', os.name: 'Windows 10', os.arch: 'amd64', os.version: '10.0', java.version: '1.8.0_221'
Driver info: driver.version: ChromeDriver
remote stacktrace: Backtrace:
Ordinal0 [0x00F4BDE3+2473443]
Ordinal0 [0x00EE6661+2057825]
Ordinal0 [0x00DF2438+1057848]
Ordinal0 [0x00E1054A+1181002]
Ordinal0 [0x00E0C435+1164341]
Ordinal0 [0x00E09CAF+1154223]
Ordinal0 [0x00E39ADF+1350367]
Ordinal0 [0x00E3974A+1349450]
Ordinal0 [0x00E355AB+1332651]
Ordinal0 [0x00E12104+1188100]
Ordinal0 [0x00E12F59+1191769]
GetHandleVerifier [0x010D2266+1549718]
GetHandleVerifier [0x0117D4A7+2250711]
GetHandleVerifier [0x00FD718B+521403]
GetHandleVerifier [0x00FD6229+517465]
Ordinal0 [0x00EEB79D+2078621]
Ordinal0 [0x00EEFB58+2095960]
Ordinal0 [0x00EEFC92+2096274]
Ordinal0 [0x00EF9541+2135361]
BaseThreadInitThunk [0x75A4FA29+25]
RtlGetAppContainerNamedObjectPath [0x776C7A7E+286]
RtlGetAppContainerNamedObjectPath [0x776C7A4E+238]

at sun.reflect.NativeConstructorAccessorImpl.newInstance0(Native Method)
at sun.reflect.NativeConstructorAccessorImpl.newInstance(NativeConstructorAccessorImpl.java:62)
at sun.reflect.DelegatingConstructorAccessorImpl.newInstance(DelegatingConstructorAccessorImpl.java:45)
at java.lang.reflect.Constructor.newInstance(Constructor.java:423)
at org.openqa.selenium.remote.W3CHandshakeResponse.lambda$errorHandler$0(W3CHandshakeResponse.java:62)
at org.openqa.selenium.remote.HandshakeResponse.lambda$getResponseFunction$0(HandshakeResponse.java:30)
at org.openqa.selenium.remote.ProtocolHandshake.lambda$createSession$0(ProtocolHandshake.java:126)
at java.util.stream.ReferencePipeline$3$1.accept(ReferencePipeline.java:193)
at java.util.Spliterators$ArraySpliterator.tryAdvance(Spliterators.java:958)
at java.util.stream.ReferencePipeline.forEachWithCancel(ReferencePipeline.java:126)
at java.util.stream.AbstractPipeline.copyIntoWithCancel(AbstractPipeline.java:499)
at java.util.stream.AbstractPipeline.copyInto(AbstractPipeline.java:486)
at java.util.stream.AbstractPipeline.wrapAndCopyInto(AbstractPipeline.java:472)
at java.util.stream.FindOps$FindOp.evaluateSequential(FindOps.java:152)
at java.util.stream.AbstractPipeline.evaluate(AbstractPipeline.java:234)
at java.util.stream.ReferencePipeline.findFirst(ReferencePipeline.java:464)
at org.openqa.selenium.remote.ProtocolHandshake.createSession(ProtocolHandshake.java:128)
at org.openqa.selenium.remote.ProtocolHandshake.createSession(ProtocolHandshake.java:74)
at org.openqa.selenium.remote.HttpCommandExecutor.execute(HttpCommandExecutor.java:136)
at org.openqa.selenium.remote.service.DriverCommandExecutor.execute(DriverCommandExecutor.java:83)
at org.openqa.selenium.remote.RemoteWebDriver.execute(RemoteWebDriver.java:552)
at org.openqa.selenium.remote.RemoteWebDriver.startSession(RemoteWebDriver.java:213)
at org.openqa.selenium.remote.RemoteWebDriver.<init>(RemoteWebDriver.java:131)
at org.openqa.selenium.chrome.ChromeDriver.<init>(ChromeDriver.java:181)
at org.openqa.selenium.chrome.ChromeDriver.<init>(ChromeDriver.java:168)
at org.openqa.selenium.chrome.ChromeDriver.<init>(ChromeDriver.java:157)
at selenium.SeleniumDriverFactory.chromeDriver(SeleniumDriverFactory.java:21)
at basetest.BaseTest.baseClassInit(BaseTest.java:82)
at sun.reflect.NativeMethodAccessorImpl.invoke0(Native Method)
at sun.reflect.NativeMethodAccessorImpl.invoke(NativeMethodAccessorImpl.java:62)
at sun.reflect.DelegatingMethodAccessorImpl.invoke(DelegatingMethodAccessorImpl.java:43)
at java.lang.reflect.Method.invoke(Method.java:498)
at org.testng.internal.MethodInvocationHelper.invokeMethod(MethodInvocationHelper.java:132)
at org.testng.internal.MethodInvocationHelper.invokeMethodConsideringTimeout(MethodInvocationHelper.java:61)
at org.testng.internal.ConfigInvoker.invokeConfigurationMethod(ConfigInvoker.java:366)
at org.testng.internal.ConfigInvoker.invokeConfigurations(ConfigInvoker.java:320)
at org.testng.internal.TestMethodWorker.invokeBeforeClassMethods(TestMethodWorker.java:176)
at org.testng.internal.TestMethodWorker.run(TestMethodWorker.java:122)
at java.util.concurrent.ThreadPoolExecutor.runWorker(ThreadPoolExecutor.java:1149)
at java.util.concurrent.ThreadPoolExecutor$Worker.run(ThreadPoolExecutor.java:624)
at java.lang.Thread.run(Thread.java:748)
]]>
            </full-stacktrace>
          </exception> <!-- org.openqa.selenium.SessionNotCreatedException -->
          <reporter-output>
          </reporter-output>
        </test-method> <!-- Test_English_Page -->
        <test-method status="SKIP" signature="AfterMethod(org.testng.ITestResult)[pri:0, instance:testclasses.EnglishTest@1f57539]" name="AfterMethod" is-config="true" duration-ms="-1651062596373" started-at="2022-04-27T08:29:56 EDT" finished-at="1969-12-31T19:00:00 EST">
          <reporter-output>
          </reporter-output>
        </test-method> <!-- AfterMethod -->
        <test-method status="SKIP" signature="afterClass()[pri:0, instance:testclasses.EnglishTest@1f57539]" name="afterClass" is-config="true" duration-ms="-1651062596374" started-at="2022-04-27T08:29:56 EDT" finished-at="1969-12-31T19:00:00 EST">
          <reporter-output>
          </reporter-output>
        </test-method> <!-- afterClass -->
        <test-method status="SKIP" signature="afterSuite()[pri:0, instance:testclasses.EnglishTest@1f57539]" name="afterSuite" is-config="true" duration-ms="-1651062597577" started-at="2022-04-27T08:29:57 EDT" finished-at="1969-12-31T19:00:00 EST">
          <reporter-output>
          </reporter-output>
        </test-method> <!-- afterSuite -->
      </class> <!-- testclasses.EnglishTest -->
      <class name="testclasses.FrenchTest">
        <test-method status="FAIL" signature="baseClassInit(org.testng.ITestContext)[pri:0, instance:testclasses.FrenchTest@76f2b07d]" name="baseClassInit" is-config="true" duration-ms="1158" started-at="2022-04-27T08:29:56 EDT" finished-at="2022-04-27T08:29:57 EDT">
          <params>
            <param index="0">
              <value>
                <![CDATA[org.testng.TestRunner@1f5af9e0]]>
              </value>
            </param>
          </params>
          <exception class="org.openqa.selenium.SessionNotCreatedException">
            <message>
              <![CDATA[session not created: This version of ChromeDriver only supports Chrome version 94
Current browser version is 100.0.4896.127 with binary path C:\Program Files (x86)\Google\Chrome\Application\chrome.exe
Build info: version: '3.141.59', revision: 'e82be7d358', time: '2018-11-14T08:17:03'
System info: host: 'DESKTOP-5IAAIQO', ip: '100.127.255.253', os.name: 'Windows 10', os.arch: 'amd64', os.version: '10.0', java.version: '1.8.0_221'
Driver info: driver.version: ChromeDriver
remote stacktrace: Backtrace:
Ordinal0 [0x00F4BDE3+2473443]
Ordinal0 [0x00EE6661+2057825]
Ordinal0 [0x00DF2438+1057848]
Ordinal0 [0x00E1054A+1181002]
Ordinal0 [0x00E0C435+1164341]
Ordinal0 [0x00E09CAF+1154223]
Ordinal0 [0x00E39ADF+1350367]
Ordinal0 [0x00E3974A+1349450]
Ordinal0 [0x00E355AB+1332651]
Ordinal0 [0x00E12104+1188100]
Ordinal0 [0x00E12F59+1191769]
GetHandleVerifier [0x010D2266+1549718]
GetHandleVerifier [0x0117D4A7+2250711]
GetHandleVerifier [0x00FD718B+521403]
GetHandleVerifier [0x00FD6229+517465]
Ordinal0 [0x00EEB79D+2078621]
Ordinal0 [0x00EEFB58+2095960]
Ordinal0 [0x00EEFC92+2096274]
Ordinal0 [0x00EF9541+2135361]
BaseThreadInitThunk [0x75A4FA29+25]
RtlGetAppContainerNamedObjectPath [0x776C7A7E+286]
RtlGetAppContainerNamedObjectPath [0x776C7A4E+238]
]]>
            </message>
            <full-stacktrace>
              <![CDATA[org.openqa.selenium.SessionNotCreatedException: session not created: This version of ChromeDriver only supports Chrome version 94
Current browser version is 100.0.4896.127 with binary path C:\Program Files (x86)\Google\Chrome\Application\chrome.exe
Build info: version: '3.141.59', revision: 'e82be7d358', time: '2018-11-14T08:17:03'
System info: host: 'DESKTOP-5IAAIQO', ip: '100.127.255.253', os.name: 'Windows 10', os.arch: 'amd64', os.version: '10.0', java.version: '1.8.0_221'
Driver info: driver.version: ChromeDriver
remote stacktrace: Backtrace:
Ordinal0 [0x00F4BDE3+2473443]
Ordinal0 [0x00EE6661+2057825]
Ordinal0 [0x00DF2438+1057848]
Ordinal0 [0x00E1054A+1181002]
Ordinal0 [0x00E0C435+1164341]
Ordinal0 [0x00E09CAF+1154223]
Ordinal0 [0x00E39ADF+1350367]
Ordinal0 [0x00E3974A+1349450]
Ordinal0 [0x00E355AB+1332651]
Ordinal0 [0x00E12104+1188100]
Ordinal0 [0x00E12F59+1191769]
GetHandleVerifier [0x010D2266+1549718]
GetHandleVerifier [0x0117D4A7+2250711]
GetHandleVerifier [0x00FD718B+521403]
GetHandleVerifier [0x00FD6229+517465]
Ordinal0 [0x00EEB79D+2078621]
Ordinal0 [0x00EEFB58+2095960]
Ordinal0 [0x00EEFC92+2096274]
Ordinal0 [0x00EF9541+2135361]
BaseThreadInitThunk [0x75A4FA29+25]
RtlGetAppContainerNamedObjectPath [0x776C7A7E+286]
RtlGetAppContainerNamedObjectPath [0x776C7A4E+238]

at sun.reflect.NativeConstructorAccessorImpl.newInstance0(Native Method)
at sun.reflect.NativeConstructorAccessorImpl.newInstance(NativeConstructorAccessorImpl.java:62)
at sun.reflect.DelegatingConstructorAccessorImpl.newInstance(DelegatingConstructorAccessorImpl.java:45)
at java.lang.reflect.Constructor.newInstance(Constructor.java:423)
at org.openqa.selenium.remote.W3CHandshakeResponse.lambda$errorHandler$0(W3CHandshakeResponse.java:62)
at org.openqa.selenium.remote.HandshakeResponse.lambda$getResponseFunction$0(HandshakeResponse.java:30)
at org.openqa.selenium.remote.ProtocolHandshake.lambda$createSession$0(ProtocolHandshake.java:126)
at java.util.stream.ReferencePipeline$3$1.accept(ReferencePipeline.java:193)
at java.util.Spliterators$ArraySpliterator.tryAdvance(Spliterators.java:958)
at java.util.stream.ReferencePipeline.forEachWithCancel(ReferencePipeline.java:126)
at java.util.stream.AbstractPipeline.copyIntoWithCancel(AbstractPipeline.java:499)
at java.util.stream.AbstractPipeline.copyInto(AbstractPipeline.java:486)
at java.util.stream.AbstractPipeline.wrapAndCopyInto(AbstractPipeline.java:472)
at java.util.stream.FindOps$FindOp.evaluateSequential(FindOps.java:152)
at java.util.stream.AbstractPipeline.evaluate(AbstractPipeline.java:234)
at java.util.stream.ReferencePipeline.findFirst(ReferencePipeline.java:464)
at org.openqa.selenium.remote.ProtocolHandshake.createSession(ProtocolHandshake.java:128)
at org.openqa.selenium.remote.ProtocolHandshake.createSession(ProtocolHandshake.java:74)
at org.openqa.selenium.remote.HttpCommandExecutor.execute(HttpCommandExecutor.java:136)
at org.openqa.selenium.remote.service.DriverCommandExecutor.execute(DriverCommandExecutor.java:83)
at org.openqa.selenium.remote.RemoteWebDriver.execute(RemoteWebDriver.java:552)
at org.openqa.selenium.remote.RemoteWebDriver.startSession(RemoteWebDriver.java:213)
at org.openqa.selenium.remote.RemoteWebDriver.<init>(RemoteWebDriver.java:131)
at org.openqa.selenium.chrome.ChromeDriver.<init>(ChromeDriver.java:181)
at org.openqa.selenium.chrome.ChromeDriver.<init>(ChromeDriver.java:168)
at org.openqa.selenium.chrome.ChromeDriver.<init>(ChromeDriver.java:157)
at selenium.SeleniumDriverFactory.chromeDriver(SeleniumDriverFactory.java:21)
at basetest.BaseTest.baseClassInit(BaseTest.java:82)
at sun.reflect.NativeMethodAccessorImpl.invoke0(Native Method)
at sun.reflect.NativeMethodAccessorImpl.invoke(NativeMethodAccessorImpl.java:62)
at sun.reflect.DelegatingMethodAccessorImpl.invoke(DelegatingMethodAccessorImpl.java:43)
at java.lang.reflect.Method.invoke(Method.java:498)
at org.testng.internal.MethodInvocationHelper.invokeMethod(MethodInvocationHelper.java:132)
at org.testng.internal.MethodInvocationHelper.invokeMethodConsideringTimeout(MethodInvocationHelper.java:61)
at org.testng.internal.ConfigInvoker.invokeConfigurationMethod(ConfigInvoker.java:366)
at org.testng.internal.ConfigInvoker.invokeConfigurations(ConfigInvoker.java:320)
at org.testng.internal.TestMethodWorker.invokeBeforeClassMethods(TestMethodWorker.java:176)
at org.testng.internal.TestMethodWorker.run(TestMethodWorker.java:122)
at java.util.concurrent.ThreadPoolExecutor.runWorker(ThreadPoolExecutor.java:1149)
at java.util.concurrent.ThreadPoolExecutor$Worker.run(ThreadPoolExecutor.java:624)
at java.lang.Thread.run(Thread.java:748)
]]>
            </full-stacktrace>
          </exception> <!-- org.openqa.selenium.SessionNotCreatedException -->
          <reporter-output>
          </reporter-output>
        </test-method> <!-- baseClassInit -->
        <test-method status="SKIP" signature="baseTestInit(org.testng.ITestResult)[pri:0, instance:testclasses.FrenchTest@76f2b07d]" name="baseTestInit" is-config="true" duration-ms="-1651062597536" started-at="2022-04-27T08:29:57 EDT" finished-at="1969-12-31T19:00:00 EST">
          <reporter-output>
          </reporter-output>
        </test-method> <!-- baseTestInit -->
        <test-method status="SKIP" signature="Test_French_Page()[pri:0, instance:testclasses.FrenchTest@76f2b07d]" name="Test_French_Page" duration-ms="0" started-at="2022-04-27T08:29:57 EDT" finished-at="2022-04-27T08:29:57 EDT">
          <exception class="org.openqa.selenium.SessionNotCreatedException">
            <message>
              <![CDATA[session not created: This version of ChromeDriver only supports Chrome version 94
Current browser version is 100.0.4896.127 with binary path C:\Program Files (x86)\Google\Chrome\Application\chrome.exe
Build info: version: '3.141.59', revision: 'e82be7d358', time: '2018-11-14T08:17:03'
System info: host: 'DESKTOP-5IAAIQO', ip: '100.127.255.253', os.name: 'Windows 10', os.arch: 'amd64', os.version: '10.0', java.version: '1.8.0_221'
Driver info: driver.version: ChromeDriver
remote stacktrace: Backtrace:
Ordinal0 [0x00F4BDE3+2473443]
Ordinal0 [0x00EE6661+2057825]
Ordinal0 [0x00DF2438+1057848]
Ordinal0 [0x00E1054A+1181002]
Ordinal0 [0x00E0C435+1164341]
Ordinal0 [0x00E09CAF+1154223]
Ordinal0 [0x00E39ADF+1350367]
Ordinal0 [0x00E3974A+1349450]
Ordinal0 [0x00E355AB+1332651]
Ordinal0 [0x00E12104+1188100]
Ordinal0 [0x00E12F59+1191769]
GetHandleVerifier [0x010D2266+1549718]
GetHandleVerifier [0x0117D4A7+2250711]
GetHandleVerifier [0x00FD718B+521403]
GetHandleVerifier [0x00FD6229+517465]
Ordinal0 [0x00EEB79D+2078621]
Ordinal0 [0x00EEFB58+2095960]
Ordinal0 [0x00EEFC92+2096274]
Ordinal0 [0x00EF9541+2135361]
BaseThreadInitThunk [0x75A4FA29+25]
RtlGetAppContainerNamedObjectPath [0x776C7A7E+286]
RtlGetAppContainerNamedObjectPath [0x776C7A4E+238]
]]>
            </message>
            <full-stacktrace>
              <![CDATA[org.openqa.selenium.SessionNotCreatedException: session not created: This version of ChromeDriver only supports Chrome version 94
Current browser version is 100.0.4896.127 with binary path C:\Program Files (x86)\Google\Chrome\Application\chrome.exe
Build info: version: '3.141.59', revision: 'e82be7d358', time: '2018-11-14T08:17:03'
System info: host: 'DESKTOP-5IAAIQO', ip: '100.127.255.253', os.name: 'Windows 10', os.arch: 'amd64', os.version: '10.0', java.version: '1.8.0_221'
Driver info: driver.version: ChromeDriver
remote stacktrace: Backtrace:
Ordinal0 [0x00F4BDE3+2473443]
Ordinal0 [0x00EE6661+2057825]
Ordinal0 [0x00DF2438+1057848]
Ordinal0 [0x00E1054A+1181002]
Ordinal0 [0x00E0C435+1164341]
Ordinal0 [0x00E09CAF+1154223]
Ordinal0 [0x00E39ADF+1350367]
Ordinal0 [0x00E3974A+1349450]
Ordinal0 [0x00E355AB+1332651]
Ordinal0 [0x00E12104+1188100]
Ordinal0 [0x00E12F59+1191769]
GetHandleVerifier [0x010D2266+1549718]
GetHandleVerifier [0x0117D4A7+2250711]
GetHandleVerifier [0x00FD718B+521403]
GetHandleVerifier [0x00FD6229+517465]
Ordinal0 [0x00EEB79D+2078621]
Ordinal0 [0x00EEFB58+2095960]
Ordinal0 [0x00EEFC92+2096274]
Ordinal0 [0x00EF9541+2135361]
BaseThreadInitThunk [0x75A4FA29+25]
RtlGetAppContainerNamedObjectPath [0x776C7A7E+286]
RtlGetAppContainerNamedObjectPath [0x776C7A4E+238]

at sun.reflect.NativeConstructorAccessorImpl.newInstance0(Native Method)
at sun.reflect.NativeConstructorAccessorImpl.newInstance(NativeConstructorAccessorImpl.java:62)
at sun.reflect.DelegatingConstructorAccessorImpl.newInstance(DelegatingConstructorAccessorImpl.java:45)
at java.lang.reflect.Constructor.newInstance(Constructor.java:423)
at org.openqa.selenium.remote.W3CHandshakeResponse.lambda$errorHandler$0(W3CHandshakeResponse.java:62)
at org.openqa.selenium.remote.HandshakeResponse.lambda$getResponseFunction$0(HandshakeResponse.java:30)
at org.openqa.selenium.remote.ProtocolHandshake.lambda$createSession$0(ProtocolHandshake.java:126)
at java.util.stream.ReferencePipeline$3$1.accept(ReferencePipeline.java:193)
at java.util.Spliterators$ArraySpliterator.tryAdvance(Spliterators.java:958)
at java.util.stream.ReferencePipeline.forEachWithCancel(ReferencePipeline.java:126)
at java.util.stream.AbstractPipeline.copyIntoWithCancel(AbstractPipeline.java:499)
at java.util.stream.AbstractPipeline.copyInto(AbstractPipeline.java:486)
at java.util.stream.AbstractPipeline.wrapAndCopyInto(AbstractPipeline.java:472)
at java.util.stream.FindOps$FindOp.evaluateSequential(FindOps.java:152)
at java.util.stream.AbstractPipeline.evaluate(AbstractPipeline.java:234)
at java.util.stream.ReferencePipeline.findFirst(ReferencePipeline.java:464)
at org.openqa.selenium.remote.ProtocolHandshake.createSession(ProtocolHandshake.java:128)
at org.openqa.selenium.remote.ProtocolHandshake.createSession(ProtocolHandshake.java:74)
at org.openqa.selenium.remote.HttpCommandExecutor.execute(HttpCommandExecutor.java:136)
at org.openqa.selenium.remote.service.DriverCommandExecutor.execute(DriverCommandExecutor.java:83)
at org.openqa.selenium.remote.RemoteWebDriver.execute(RemoteWebDriver.java:552)
at org.openqa.selenium.remote.RemoteWebDriver.startSession(RemoteWebDriver.java:213)
at org.openqa.selenium.remote.RemoteWebDriver.<init>(RemoteWebDriver.java:131)
at org.openqa.selenium.chrome.ChromeDriver.<init>(ChromeDriver.java:181)
at org.openqa.selenium.chrome.ChromeDriver.<init>(ChromeDriver.java:168)
at org.openqa.selenium.chrome.ChromeDriver.<init>(ChromeDriver.java:157)
at selenium.SeleniumDriverFactory.chromeDriver(SeleniumDriverFactory.java:21)
at basetest.BaseTest.baseClassInit(BaseTest.java:82)
at sun.reflect.NativeMethodAccessorImpl.invoke0(Native Method)
at sun.reflect.NativeMethodAccessorImpl.invoke(NativeMethodAccessorImpl.java:62)
at sun.reflect.DelegatingMethodAccessorImpl.invoke(DelegatingMethodAccessorImpl.java:43)
at java.lang.reflect.Method.invoke(Method.java:498)
at org.testng.internal.MethodInvocationHelper.invokeMethod(MethodInvocationHelper.java:132)
at org.testng.internal.MethodInvocationHelper.invokeMethodConsideringTimeout(MethodInvocationHelper.java:61)
at org.testng.internal.ConfigInvoker.invokeConfigurationMethod(ConfigInvoker.java:366)
at org.testng.internal.ConfigInvoker.invokeConfigurations(ConfigInvoker.java:320)
at org.testng.internal.TestMethodWorker.invokeBeforeClassMethods(TestMethodWorker.java:176)
at org.testng.internal.TestMethodWorker.run(TestMethodWorker.java:122)
at java.util.concurrent.ThreadPoolExecutor.runWorker(ThreadPoolExecutor.java:1149)
at java.util.concurrent.ThreadPoolExecutor$Worker.run(ThreadPoolExecutor.java:624)
at java.lang.Thread.run(Thread.java:748)
]]>
            </full-stacktrace>
          </exception> <!-- org.openqa.selenium.SessionNotCreatedException -->
          <reporter-output>
          </reporter-output>
        </test-method> <!-- Test_French_Page -->
        <test-method status="SKIP" signature="frenchClassInit(org.testng.ITestResult, java.lang.String)[pri:0, instance:testclasses.FrenchTest@76f2b07d]" name="frenchClassInit" is-config="true" duration-ms="-1651062597537" started-at="2022-04-27T08:29:57 EDT" depends-on-methods="basetest.BaseTest.baseTestInit" finished-at="1969-12-31T19:00:00 EST">
          <reporter-output>
          </reporter-output>
        </test-method> <!-- frenchClassInit -->
        <test-method status="SKIP" signature="AfterMethod(org.testng.ITestResult)[pri:0, instance:testclasses.FrenchTest@76f2b07d]" name="AfterMethod" is-config="true" duration-ms="-1651062597540" started-at="2022-04-27T08:29:57 EDT" finished-at="1969-12-31T19:00:00 EST">
          <reporter-output>
          </reporter-output>
        </test-method> <!-- AfterMethod -->
        <test-method status="SKIP" signature="afterClass()[pri:0, instance:testclasses.FrenchTest@76f2b07d]" name="afterClass" is-config="true" duration-ms="-1651062597541" started-at="2022-04-27T08:29:57 EDT" finished-at="1969-12-31T19:00:00 EST">
          <reporter-output>
          </reporter-output>
        </test-method> <!-- afterClass -->
      </class> <!-- testclasses.FrenchTest -->
    </test> <!-- testdemo -->
  </suite> <!-- Project ESAS -->
</testng-results>
