<?xml version="1.0" encoding="UTF-8"?>
<!-- Generated by org.testng.reporters.JUnitReportReporter -->
<testsuite skipped="1" hostname="DESKTOP-5IAAIQO" name="testclasses.FrenchTest" tests="2" failures="0" timestamp="2022-04-27T08:29:57 EDT" time="1.158" errors="1">
  <testcase name="baseClassInit" time="1.158" classname="testclasses.FrenchTest">
    <error type="org.openqa.selenium.SessionNotCreatedException" message="session not created: This version of ChromeDriver only supports Chrome version 94
Current browser version is 100.0.4896.127 with binary path C:\Program Files (x86)\Google\Chrome\Application\chrome.exe
Build info: version: &#039;3.141.59&#039;, revision: &#039;e82be7d358&#039;, time: &#039;2018-11-14T08:17:03&#039;
System info: host: &#039;DESKTOP-5IAAIQO&#039;, ip: &#039;100.127.255.253&#039;, os.name: &#039;Windows 10&#039;, os.arch: &#039;amd64&#039;, os.version: &#039;10.0&#039;, java.version: &#039;1.8.0_221&#039;
Driver info: driver.version: ChromeDriver
remote stacktrace: Backtrace:
	Ordinal0 [0x00F4BDE3+2473443]
	Ordinal0 [0x00EE6661+2057825]
	Ordinal0 [0x00DF2438+1057848]
	Ordinal0 [0x00E1054A+1181002]
	Ordinal0 [0x00E0C435+1164341]
	Ordinal0 [0x00E09CAF+1154223]
	Ordinal0 [0x00E39ADF+1350367]
	Ordinal0 [0x00E3974A+1349450]
	Ordinal0 [0x00E355AB+1332651]
	Ordinal0 [0x00E12104+1188100]
	Ordinal0 [0x00E12F59+1191769]
	GetHandleVerifier [0x010D2266+1549718]
	GetHandleVerifier [0x0117D4A7+2250711]
	GetHandleVerifier [0x00FD718B+521403]
	GetHandleVerifier [0x00FD6229+517465]
	Ordinal0 [0x00EEB79D+2078621]
	Ordinal0 [0x00EEFB58+2095960]
	Ordinal0 [0x00EEFC92+2096274]
	Ordinal0 [0x00EF9541+2135361]
	BaseThreadInitThunk [0x75A4FA29+25]
	RtlGetAppContainerNamedObjectPath [0x776C7A7E+286]
	RtlGetAppContainerNamedObjectPath [0x776C7A4E+238]
">
      <![CDATA[org.openqa.selenium.SessionNotCreatedException: session not created: This version of ChromeDriver only supports Chrome version 94
Current browser version is 100.0.4896.127 with binary path C:\Program Files (x86)\Google\Chrome\Application\chrome.exe
Build info: version: '3.141.59', revision: 'e82be7d358', time: '2018-11-14T08:17:03'
System info: host: 'DESKTOP-5IAAIQO', ip: '100.127.255.253', os.name: 'Windows 10', os.arch: 'amd64', os.version: '10.0', java.version: '1.8.0_221'
Driver info: driver.version: ChromeDriver
remote stacktrace: Backtrace:
Ordinal0 [0x00F4BDE3+2473443]
Ordinal0 [0x00EE6661+2057825]
Ordinal0 [0x00DF2438+1057848]
Ordinal0 [0x00E1054A+1181002]
Ordinal0 [0x00E0C435+1164341]
Ordinal0 [0x00E09CAF+1154223]
Ordinal0 [0x00E39ADF+1350367]
Ordinal0 [0x00E3974A+1349450]
Ordinal0 [0x00E355AB+1332651]
Ordinal0 [0x00E12104+1188100]
Ordinal0 [0x00E12F59+1191769]
GetHandleVerifier [0x010D2266+1549718]
GetHandleVerifier [0x0117D4A7+2250711]
GetHandleVerifier [0x00FD718B+521403]
GetHandleVerifier [0x00FD6229+517465]
Ordinal0 [0x00EEB79D+2078621]
Ordinal0 [0x00EEFB58+2095960]
Ordinal0 [0x00EEFC92+2096274]
Ordinal0 [0x00EF9541+2135361]
BaseThreadInitThunk [0x75A4FA29+25]
RtlGetAppContainerNamedObjectPath [0x776C7A7E+286]
RtlGetAppContainerNamedObjectPath [0x776C7A4E+238]

at sun.reflect.NativeConstructorAccessorImpl.newInstance0(Native Method)
at sun.reflect.NativeConstructorAccessorImpl.newInstance(NativeConstructorAccessorImpl.java:62)
at sun.reflect.DelegatingConstructorAccessorImpl.newInstance(DelegatingConstructorAccessorImpl.java:45)
at java.lang.reflect.Constructor.newInstance(Constructor.java:423)
at org.openqa.selenium.remote.W3CHandshakeResponse.lambda$errorHandler$0(W3CHandshakeResponse.java:62)
at org.openqa.selenium.remote.HandshakeResponse.lambda$getResponseFunction$0(HandshakeResponse.java:30)
at org.openqa.selenium.remote.ProtocolHandshake.lambda$createSession$0(ProtocolHandshake.java:126)
at java.util.stream.ReferencePipeline$3$1.accept(ReferencePipeline.java:193)
at java.util.Spliterators$ArraySpliterator.tryAdvance(Spliterators.java:958)
at java.util.stream.ReferencePipeline.forEachWithCancel(ReferencePipeline.java:126)
at java.util.stream.AbstractPipeline.copyIntoWithCancel(AbstractPipeline.java:499)
at java.util.stream.AbstractPipeline.copyInto(AbstractPipeline.java:486)
at java.util.stream.AbstractPipeline.wrapAndCopyInto(AbstractPipeline.java:472)
at java.util.stream.FindOps$FindOp.evaluateSequential(FindOps.java:152)
at java.util.stream.AbstractPipeline.evaluate(AbstractPipeline.java:234)
at java.util.stream.ReferencePipeline.findFirst(ReferencePipeline.java:464)
at org.openqa.selenium.remote.ProtocolHandshake.createSession(ProtocolHandshake.java:128)
at org.openqa.selenium.remote.ProtocolHandshake.createSession(ProtocolHandshake.java:74)
at org.openqa.selenium.remote.HttpCommandExecutor.execute(HttpCommandExecutor.java:136)
at org.openqa.selenium.remote.service.DriverCommandExecutor.execute(DriverCommandExecutor.java:83)
at org.openqa.selenium.remote.RemoteWebDriver.execute(RemoteWebDriver.java:552)
at org.openqa.selenium.remote.RemoteWebDriver.startSession(RemoteWebDriver.java:213)
at org.openqa.selenium.remote.RemoteWebDriver.<init>(RemoteWebDriver.java:131)
at org.openqa.selenium.chrome.ChromeDriver.<init>(ChromeDriver.java:181)
at org.openqa.selenium.chrome.ChromeDriver.<init>(ChromeDriver.java:168)
at org.openqa.selenium.chrome.ChromeDriver.<init>(ChromeDriver.java:157)
at selenium.SeleniumDriverFactory.chromeDriver(SeleniumDriverFactory.java:21)
at basetest.BaseTest.baseClassInit(BaseTest.java:82)
at sun.reflect.NativeMethodAccessorImpl.invoke0(Native Method)
at sun.reflect.NativeMethodAccessorImpl.invoke(NativeMethodAccessorImpl.java:62)
at sun.reflect.DelegatingMethodAccessorImpl.invoke(DelegatingMethodAccessorImpl.java:43)
at java.lang.reflect.Method.invoke(Method.java:498)
at org.testng.internal.MethodInvocationHelper.invokeMethod(MethodInvocationHelper.java:132)
at org.testng.internal.MethodInvocationHelper.invokeMethodConsideringTimeout(MethodInvocationHelper.java:61)
at org.testng.internal.ConfigInvoker.invokeConfigurationMethod(ConfigInvoker.java:366)
at org.testng.internal.ConfigInvoker.invokeConfigurations(ConfigInvoker.java:320)
at org.testng.internal.TestMethodWorker.invokeBeforeClassMethods(TestMethodWorker.java:176)
at org.testng.internal.TestMethodWorker.run(TestMethodWorker.java:122)
at java.util.concurrent.ThreadPoolExecutor.runWorker(ThreadPoolExecutor.java:1149)
at java.util.concurrent.ThreadPoolExecutor$Worker.run(ThreadPoolExecutor.java:624)
at java.lang.Thread.run(Thread.java:748)
]]>
    </error>
  </testcase> <!-- baseClassInit -->
  <system-out/>
  <testcase name="Test_French_Page" time="0.000" classname="testclasses.FrenchTest">
    <skipped/>
  </testcase> <!-- Test_French_Page -->
  <system-out/>
</testsuite> <!-- testclasses.FrenchTest -->
